datatools.data_loader:INFO:2022-02-05 04:23:15,281:vertex ids loaded! Shape: (12908, 50)
datatools.data_loader:INFO:2022-02-05 04:23:15,778:graphs loaded and prepared! Shape: (12908, 50, 50)
datatools.data_loader:INFO:2022-02-05 04:23:15,781:influence features loaded! Shape: (12908, 50, 2)
datatools.data_loader:INFO:2022-02-05 04:23:15,781:labels loaded! Shape: (12908,)
datatools.data_loader:INFO:2022-02-05 04:23:15,782:global vertex features loaded! Shape: torch.Size([1790, 7])
datatools.data_loader:INFO:2022-02-05 04:23:15,814:64-dim embedding loaded! Shape: torch.Size([1790, 64])
datatools.data_loader:INFO:2022-02-05 04:23:15,814:12908 ego networks loaded, each with size 50
datatools.data_loader:INFO:2022-02-05 04:23:15,815:Number of classes: 2
datatools.data_loader:INFO:2022-02-05 04:23:15,815:Data set split into train[75]/valid[12.5]/test[12.5] found v.20.
__main__:INFO:2022-02-05 04:23:15,817:NEW TRAINING EVENT!
__main__:INFO:2022-02-05 04:23:15,817:Data file: ./data/real_data/real_0/derivatives/Lead-lag_W_Buy
__main__:INFO:2022-02-05 04:23:15,817:Parameters: Namespace(batch=128, check_point=10, class_weight_balanced=True, cuda=True, data_split_seed=20, dim=64, disrupt_network=False, dropout=0.0, epochs=500, file_dir='./data/real_data/real_0/derivatives/Lead-lag_W_Buy', fin_data=True, heads='1,1,1', hidden_units='32,32', instance_normalization=True, last_conversion=False, lr=0.1, model='gcn', neighbor_size=5, no_cuda=False, non_fin_data=False, patience=10, result_dir='./results/hyper_parameter_search_fixed2/real_0/Lead-lag_W_Buy/Feb05_04-23-13', seed=43, sequence_size=16, shuffle=False, start_timestamp='20220205_0423', tensorboard_log='logdir', tensorboard_logger=<torch.utils.tensorboard.writer.SummaryWriter object at 0x7f89f6c35f70>, train_ratio=75, use_vertex_feature=False, valid_ratio=12.5, verbose=False, weight_decay=0.001)
train:INFO:2022-02-05 04:23:17,698:train loss in this epoch 1.000000 0.679520
train:INFO:2022-02-05 04:23:17,735: epoch: 1 train_loss: 0.67952, valid_loss: 0.65294, best_thr: -0.8165622353553772
utilities.pytorchtools:INFO:2022-02-05 04:23:17,735:First loss found
utilities.pytorchtools:INFO:2022-02-05 04:23:17,735:Validation loss decreased (inf --> 0.652939).  Saving model ...
train:INFO:2022-02-05 04:23:18,166:train loss in this epoch 2.000000 0.639408
train:INFO:2022-02-05 04:23:18,201: epoch: 2 train_loss: 0.63941, valid_loss: 0.65278, best_thr: -0.84137362241745
utilities.pytorchtools:INFO:2022-02-05 04:23:18,202:Validation loss decreased (0.652939 --> 0.652781).  Saving model ...
train:INFO:2022-02-05 04:23:18,632:train loss in this epoch 3.000000 0.627307
train:INFO:2022-02-05 04:23:18,668: epoch: 3 train_loss: 0.62731, valid_loss: 0.64849, best_thr: -0.7903398275375366
utilities.pytorchtools:INFO:2022-02-05 04:23:18,668:Validation loss decreased (0.652781 --> 0.648488).  Saving model ...
train:INFO:2022-02-05 04:23:19,098:train loss in this epoch 4.000000 0.618878
train:INFO:2022-02-05 04:23:19,133: epoch: 4 train_loss: 0.61888, valid_loss: 0.64095, best_thr: -0.6908377408981323
utilities.pytorchtools:INFO:2022-02-05 04:23:19,134:Validation loss decreased (0.648488 --> 0.640947).  Saving model ...
train:INFO:2022-02-05 04:23:19,564:train loss in this epoch 5.000000 0.612577
train:INFO:2022-02-05 04:23:19,599: epoch: 5 train_loss: 0.61258, valid_loss: 0.65233, best_thr: -0.8795233964920044
utilities.pytorchtools:INFO:2022-02-05 04:23:19,600:EarlyStopping counter: 1 out of 10
train:INFO:2022-02-05 04:23:20,025:train loss in this epoch 6.000000 0.604345
train:INFO:2022-02-05 04:23:20,061: epoch: 6 train_loss: 0.60434, valid_loss: 0.64168, best_thr: -0.8930965662002563
utilities.pytorchtools:INFO:2022-02-05 04:23:20,061:EarlyStopping counter: 2 out of 10
train:INFO:2022-02-05 04:23:20,488:train loss in this epoch 7.000000 0.600371
train:INFO:2022-02-05 04:23:20,523: epoch: 7 train_loss: 0.60037, valid_loss: 0.64197, best_thr: -0.811916708946228
utilities.pytorchtools:INFO:2022-02-05 04:23:20,524:EarlyStopping counter: 3 out of 10
train:INFO:2022-02-05 04:23:20,951:train loss in this epoch 8.000000 0.595507
train:INFO:2022-02-05 04:23:20,986: epoch: 8 train_loss: 0.59551, valid_loss: 0.64089, best_thr: -0.5001505613327026
utilities.pytorchtools:INFO:2022-02-05 04:23:20,986:Validation loss decreased (0.640947 --> 0.640890).  Saving model ...
train:INFO:2022-02-05 04:23:21,454:train loss in this epoch 9.000000 0.591232
train:INFO:2022-02-05 04:23:21,490: epoch: 9 train_loss: 0.59123, valid_loss: 0.63997, best_thr: -0.7831671237945557
utilities.pytorchtools:INFO:2022-02-05 04:23:21,490:Validation loss decreased (0.640890 --> 0.639974).  Saving model ...
train:INFO:2022-02-05 04:23:22,004:train loss in this epoch 10.000000 0.584924
train:INFO:2022-02-05 04:23:22,039: epoch: 10 train_loss: 0.58492, valid_loss: 0.64653, best_thr: -0.7363650798797607
utilities.pytorchtools:INFO:2022-02-05 04:23:22,040:EarlyStopping counter: 1 out of 10
train:INFO:2022-02-05 04:23:22,536:train loss in this epoch 11.000000 0.584162
train:INFO:2022-02-05 04:23:22,571: epoch: 11 train_loss: 0.58416, valid_loss: 0.64038, best_thr: -0.663185179233551
utilities.pytorchtools:INFO:2022-02-05 04:23:22,572:EarlyStopping counter: 2 out of 10
train:INFO:2022-02-05 04:23:23,057:train loss in this epoch 12.000000 0.581152
train:INFO:2022-02-05 04:23:23,092: epoch: 12 train_loss: 0.58115, valid_loss: 0.63832, best_thr: -0.7335385084152222
utilities.pytorchtools:INFO:2022-02-05 04:23:23,093:Validation loss decreased (0.639974 --> 0.638316).  Saving model ...
train:INFO:2022-02-05 04:23:23,581:train loss in this epoch 13.000000 0.578716
train:INFO:2022-02-05 04:23:23,617: epoch: 13 train_loss: 0.57872, valid_loss: 0.63797, best_thr: -0.8668354749679565
utilities.pytorchtools:INFO:2022-02-05 04:23:23,617:Validation loss decreased (0.638316 --> 0.637973).  Saving model ...
train:INFO:2022-02-05 04:23:24,104:train loss in this epoch 14.000000 0.575853
train:INFO:2022-02-05 04:23:24,140: epoch: 14 train_loss: 0.57585, valid_loss: 0.63259, best_thr: -1.0002570152282715
utilities.pytorchtools:INFO:2022-02-05 04:23:24,140:Validation loss decreased (0.637973 --> 0.632589).  Saving model ...
train:INFO:2022-02-05 04:23:24,596:train loss in this epoch 15.000000 0.573781
train:INFO:2022-02-05 04:23:24,632: epoch: 15 train_loss: 0.57378, valid_loss: 0.63917, best_thr: -0.8371466994285583
utilities.pytorchtools:INFO:2022-02-05 04:23:24,632:EarlyStopping counter: 1 out of 10
train:INFO:2022-02-05 04:23:25,087:train loss in this epoch 16.000000 0.569881
train:INFO:2022-02-05 04:23:25,122: epoch: 16 train_loss: 0.56988, valid_loss: 0.64212, best_thr: -0.6838688850402832
utilities.pytorchtools:INFO:2022-02-05 04:23:25,123:EarlyStopping counter: 2 out of 10
train:INFO:2022-02-05 04:23:25,578:train loss in this epoch 17.000000 0.567316
train:INFO:2022-02-05 04:23:25,614: epoch: 17 train_loss: 0.56732, valid_loss: 0.62484, best_thr: -0.8461350202560425
utilities.pytorchtools:INFO:2022-02-05 04:23:25,614:Validation loss decreased (0.632589 --> 0.624836).  Saving model ...
train:INFO:2022-02-05 04:23:26,070:train loss in this epoch 18.000000 0.564494
train:INFO:2022-02-05 04:23:26,106: epoch: 18 train_loss: 0.56449, valid_loss: 0.62802, best_thr: -0.77903813123703
utilities.pytorchtools:INFO:2022-02-05 04:23:26,106:EarlyStopping counter: 1 out of 10
train:INFO:2022-02-05 04:23:26,494:train loss in this epoch 19.000000 0.561028
train:INFO:2022-02-05 04:23:26,530: epoch: 19 train_loss: 0.56103, valid_loss: 0.62209, best_thr: -0.8113403916358948
utilities.pytorchtools:INFO:2022-02-05 04:23:26,530:Validation loss decreased (0.624836 --> 0.622090).  Saving model ...
train:INFO:2022-02-05 04:23:26,896:train loss in this epoch 20.000000 0.561606
train:INFO:2022-02-05 04:23:26,932: epoch: 20 train_loss: 0.56161, valid_loss: 0.61706, best_thr: -0.8750776052474976
utilities.pytorchtools:INFO:2022-02-05 04:23:26,932:Validation loss decreased (0.622090 --> 0.617060).  Saving model ...
train:INFO:2022-02-05 04:23:27,299:train loss in this epoch 21.000000 0.558847
train:INFO:2022-02-05 04:23:27,334: epoch: 21 train_loss: 0.55885, valid_loss: 0.62027, best_thr: -0.7428134083747864
utilities.pytorchtools:INFO:2022-02-05 04:23:27,334:EarlyStopping counter: 1 out of 10
train:INFO:2022-02-05 04:23:27,700:train loss in this epoch 22.000000 0.555499
train:INFO:2022-02-05 04:23:27,735: epoch: 22 train_loss: 0.55550, valid_loss: 0.62018, best_thr: -0.773147702217102
utilities.pytorchtools:INFO:2022-02-05 04:23:27,736:EarlyStopping counter: 2 out of 10
train:INFO:2022-02-05 04:23:28,101:train loss in this epoch 23.000000 0.553190
train:INFO:2022-02-05 04:23:28,137: epoch: 23 train_loss: 0.55319, valid_loss: 0.62624, best_thr: -0.7368670701980591
utilities.pytorchtools:INFO:2022-02-05 04:23:28,137:EarlyStopping counter: 3 out of 10
train:INFO:2022-02-05 04:23:28,501:train loss in this epoch 24.000000 0.550834
train:INFO:2022-02-05 04:23:28,537: epoch: 24 train_loss: 0.55083, valid_loss: 0.62388, best_thr: -0.6876554489135742
utilities.pytorchtools:INFO:2022-02-05 04:23:28,537:EarlyStopping counter: 4 out of 10
train:INFO:2022-02-05 04:23:28,902:train loss in this epoch 25.000000 0.548571
train:INFO:2022-02-05 04:23:28,938: epoch: 25 train_loss: 0.54857, valid_loss: 0.61536, best_thr: -0.9115254878997803
utilities.pytorchtools:INFO:2022-02-05 04:23:28,938:Validation loss decreased (0.617060 --> 0.615360).  Saving model ...
train:INFO:2022-02-05 04:23:29,304:train loss in this epoch 26.000000 0.548878
train:INFO:2022-02-05 04:23:29,340: epoch: 26 train_loss: 0.54888, valid_loss: 0.63769, best_thr: -0.8552179336547852
utilities.pytorchtools:INFO:2022-02-05 04:23:29,340:EarlyStopping counter: 1 out of 10
train:INFO:2022-02-05 04:23:29,705:train loss in this epoch 27.000000 0.547165
train:INFO:2022-02-05 04:23:29,741: epoch: 27 train_loss: 0.54717, valid_loss: 0.61508, best_thr: -0.7367361783981323
utilities.pytorchtools:INFO:2022-02-05 04:23:29,741:Validation loss decreased (0.615360 --> 0.615082).  Saving model ...
train:INFO:2022-02-05 04:23:30,109:train loss in this epoch 28.000000 0.546831
train:INFO:2022-02-05 04:23:30,145: epoch: 28 train_loss: 0.54683, valid_loss: 0.61304, best_thr: -0.7786433696746826
utilities.pytorchtools:INFO:2022-02-05 04:23:30,145:Validation loss decreased (0.615082 --> 0.613044).  Saving model ...
train:INFO:2022-02-05 04:23:30,512:train loss in this epoch 29.000000 0.544518
train:INFO:2022-02-05 04:23:30,548: epoch: 29 train_loss: 0.54452, valid_loss: 0.62456, best_thr: -0.8606811761856079
utilities.pytorchtools:INFO:2022-02-05 04:23:30,548:EarlyStopping counter: 1 out of 10
train:INFO:2022-02-05 04:23:30,913:train loss in this epoch 30.000000 0.543957
train:INFO:2022-02-05 04:23:30,949: epoch: 30 train_loss: 0.54396, valid_loss: 0.61265, best_thr: -0.8679094314575195
utilities.pytorchtools:INFO:2022-02-05 04:23:30,949:Validation loss decreased (0.613044 --> 0.612653).  Saving model ...
train:INFO:2022-02-05 04:23:31,315:train loss in this epoch 31.000000 0.542995
train:INFO:2022-02-05 04:23:31,351: epoch: 31 train_loss: 0.54300, valid_loss: 0.61466, best_thr: -0.7223191857337952
utilities.pytorchtools:INFO:2022-02-05 04:23:31,351:EarlyStopping counter: 1 out of 10
train:INFO:2022-02-05 04:23:31,718:train loss in this epoch 32.000000 0.540951
train:INFO:2022-02-05 04:23:31,754: epoch: 32 train_loss: 0.54095, valid_loss: 0.62384, best_thr: -0.7554140686988831
utilities.pytorchtools:INFO:2022-02-05 04:23:31,754:EarlyStopping counter: 2 out of 10
train:INFO:2022-02-05 04:23:32,119:train loss in this epoch 33.000000 0.540144
train:INFO:2022-02-05 04:23:32,155: epoch: 33 train_loss: 0.54014, valid_loss: 0.61335, best_thr: -0.5552335381507874
utilities.pytorchtools:INFO:2022-02-05 04:23:32,155:EarlyStopping counter: 3 out of 10
train:INFO:2022-02-05 04:23:32,519:train loss in this epoch 34.000000 0.537786
train:INFO:2022-02-05 04:23:32,555: epoch: 34 train_loss: 0.53779, valid_loss: 0.61416, best_thr: -0.7476900815963745
utilities.pytorchtools:INFO:2022-02-05 04:23:32,555:EarlyStopping counter: 4 out of 10
train:INFO:2022-02-05 04:23:32,921:train loss in this epoch 35.000000 0.537788
train:INFO:2022-02-05 04:23:32,957: epoch: 35 train_loss: 0.53779, valid_loss: 0.61039, best_thr: -0.7151376605033875
utilities.pytorchtools:INFO:2022-02-05 04:23:32,957:Validation loss decreased (0.612653 --> 0.610389).  Saving model ...
train:INFO:2022-02-05 04:23:33,323:train loss in this epoch 36.000000 0.536209
train:INFO:2022-02-05 04:23:33,359: epoch: 36 train_loss: 0.53621, valid_loss: 0.61661, best_thr: -0.6448391675949097
utilities.pytorchtools:INFO:2022-02-05 04:23:33,359:EarlyStopping counter: 1 out of 10
train:INFO:2022-02-05 04:23:33,725:train loss in this epoch 37.000000 0.535636
train:INFO:2022-02-05 04:23:33,760: epoch: 37 train_loss: 0.53564, valid_loss: 0.61617, best_thr: -0.6648627519607544
utilities.pytorchtools:INFO:2022-02-05 04:23:33,761:EarlyStopping counter: 2 out of 10
train:INFO:2022-02-05 04:23:34,126:train loss in this epoch 38.000000 0.535498
train:INFO:2022-02-05 04:23:34,162: epoch: 38 train_loss: 0.53550, valid_loss: 0.61931, best_thr: -0.6145391464233398
utilities.pytorchtools:INFO:2022-02-05 04:23:34,162:EarlyStopping counter: 3 out of 10
train:INFO:2022-02-05 04:23:34,530:train loss in this epoch 39.000000 0.533214
train:INFO:2022-02-05 04:23:34,566: epoch: 39 train_loss: 0.53321, valid_loss: 0.61453, best_thr: -0.6683008670806885
utilities.pytorchtools:INFO:2022-02-05 04:23:34,566:EarlyStopping counter: 4 out of 10
train:INFO:2022-02-05 04:23:34,931:train loss in this epoch 40.000000 0.531435
train:INFO:2022-02-05 04:23:34,967: epoch: 40 train_loss: 0.53143, valid_loss: 0.61977, best_thr: -0.7983191609382629
utilities.pytorchtools:INFO:2022-02-05 04:23:34,967:EarlyStopping counter: 5 out of 10
train:INFO:2022-02-05 04:23:35,333:train loss in this epoch 41.000000 0.530735
train:INFO:2022-02-05 04:23:35,369: epoch: 41 train_loss: 0.53073, valid_loss: 0.61237, best_thr: -0.9188126921653748
utilities.pytorchtools:INFO:2022-02-05 04:23:35,369:EarlyStopping counter: 6 out of 10
train:INFO:2022-02-05 04:23:35,735:train loss in this epoch 42.000000 0.529980
train:INFO:2022-02-05 04:23:35,771: epoch: 42 train_loss: 0.52998, valid_loss: 0.61457, best_thr: -0.8001261353492737
utilities.pytorchtools:INFO:2022-02-05 04:23:35,771:EarlyStopping counter: 7 out of 10
train:INFO:2022-02-05 04:23:36,139:train loss in this epoch 43.000000 0.528662
train:INFO:2022-02-05 04:23:36,175: epoch: 43 train_loss: 0.52866, valid_loss: 0.60838, best_thr: -0.7575479745864868
utilities.pytorchtools:INFO:2022-02-05 04:23:36,175:Validation loss decreased (0.610389 --> 0.608380).  Saving model ...
train:INFO:2022-02-05 04:23:36,540:train loss in this epoch 44.000000 0.527291
train:INFO:2022-02-05 04:23:36,576: epoch: 44 train_loss: 0.52729, valid_loss: 0.61478, best_thr: -0.6525261402130127
utilities.pytorchtools:INFO:2022-02-05 04:23:36,576:EarlyStopping counter: 1 out of 10
train:INFO:2022-02-05 04:23:36,942:train loss in this epoch 45.000000 0.526272
train:INFO:2022-02-05 04:23:36,978: epoch: 45 train_loss: 0.52627, valid_loss: 0.60403, best_thr: -0.6614110469818115
utilities.pytorchtools:INFO:2022-02-05 04:23:36,978:Validation loss decreased (0.608380 --> 0.604032).  Saving model ...
train:INFO:2022-02-05 04:23:37,343:train loss in this epoch 46.000000 0.525335
train:INFO:2022-02-05 04:23:37,379: epoch: 46 train_loss: 0.52533, valid_loss: 0.61164, best_thr: -0.6865403652191162
utilities.pytorchtools:INFO:2022-02-05 04:23:37,379:EarlyStopping counter: 1 out of 10
train:INFO:2022-02-05 04:23:37,745:train loss in this epoch 47.000000 0.523488
train:INFO:2022-02-05 04:23:37,781: epoch: 47 train_loss: 0.52349, valid_loss: 0.61743, best_thr: -0.9848416447639465
utilities.pytorchtools:INFO:2022-02-05 04:23:37,781:EarlyStopping counter: 2 out of 10
train:INFO:2022-02-05 04:23:38,145:train loss in this epoch 48.000000 0.523767
train:INFO:2022-02-05 04:23:38,181: epoch: 48 train_loss: 0.52377, valid_loss: 0.61353, best_thr: -0.7810560464859009
utilities.pytorchtools:INFO:2022-02-05 04:23:38,181:EarlyStopping counter: 3 out of 10
train:INFO:2022-02-05 04:23:38,546:train loss in this epoch 49.000000 0.522700
train:INFO:2022-02-05 04:23:38,582: epoch: 49 train_loss: 0.52270, valid_loss: 0.60651, best_thr: -0.7347800731658936
utilities.pytorchtools:INFO:2022-02-05 04:23:38,582:EarlyStopping counter: 4 out of 10
train:INFO:2022-02-05 04:23:39,006:train loss in this epoch 50.000000 0.520841
train:INFO:2022-02-05 04:23:39,042: epoch: 50 train_loss: 0.52084, valid_loss: 0.60926, best_thr: -0.8042728900909424
utilities.pytorchtools:INFO:2022-02-05 04:23:39,042:EarlyStopping counter: 5 out of 10
train:INFO:2022-02-05 04:23:39,470:train loss in this epoch 51.000000 0.521769
train:INFO:2022-02-05 04:23:39,505: epoch: 51 train_loss: 0.52177, valid_loss: 0.61007, best_thr: -0.7459821701049805
utilities.pytorchtools:INFO:2022-02-05 04:23:39,506:EarlyStopping counter: 6 out of 10
train:INFO:2022-02-05 04:23:39,932:train loss in this epoch 52.000000 0.519348
train:INFO:2022-02-05 04:23:39,968: epoch: 52 train_loss: 0.51935, valid_loss: 0.60287, best_thr: -0.6080403327941895
utilities.pytorchtools:INFO:2022-02-05 04:23:39,968:Validation loss decreased (0.604032 --> 0.602872).  Saving model ...
train:INFO:2022-02-05 04:23:40,396:train loss in this epoch 53.000000 0.519353
train:INFO:2022-02-05 04:23:40,432: epoch: 53 train_loss: 0.51935, valid_loss: 0.60501, best_thr: -0.7981338500976562
utilities.pytorchtools:INFO:2022-02-05 04:23:40,432:EarlyStopping counter: 1 out of 10
train:INFO:2022-02-05 04:23:40,858:train loss in this epoch 54.000000 0.518468
train:INFO:2022-02-05 04:23:40,894: epoch: 54 train_loss: 0.51847, valid_loss: 0.60285, best_thr: -0.6020526885986328
utilities.pytorchtools:INFO:2022-02-05 04:23:40,894:Validation loss decreased (0.602872 --> 0.602847).  Saving model ...
train:INFO:2022-02-05 04:23:41,322:train loss in this epoch 55.000000 0.518141
train:INFO:2022-02-05 04:23:41,357: epoch: 55 train_loss: 0.51814, valid_loss: 0.60422, best_thr: -0.8210397958755493
utilities.pytorchtools:INFO:2022-02-05 04:23:41,358:EarlyStopping counter: 1 out of 10
train:INFO:2022-02-05 04:23:41,787:train loss in this epoch 56.000000 0.514132
train:INFO:2022-02-05 04:23:41,823: epoch: 56 train_loss: 0.51413, valid_loss: 0.60633, best_thr: -0.6395570635795593
utilities.pytorchtools:INFO:2022-02-05 04:23:41,823:EarlyStopping counter: 2 out of 10
train:INFO:2022-02-05 04:23:42,190:train loss in this epoch 57.000000 0.515672
train:INFO:2022-02-05 04:23:42,225: epoch: 57 train_loss: 0.51567, valid_loss: 0.60561, best_thr: -0.5258082747459412
utilities.pytorchtools:INFO:2022-02-05 04:23:42,226:EarlyStopping counter: 3 out of 10
train:INFO:2022-02-05 04:23:42,592:train loss in this epoch 58.000000 0.512869
train:INFO:2022-02-05 04:23:42,628: epoch: 58 train_loss: 0.51287, valid_loss: 0.60469, best_thr: -0.5598284006118774
utilities.pytorchtools:INFO:2022-02-05 04:23:42,628:EarlyStopping counter: 4 out of 10
train:INFO:2022-02-05 04:23:42,997:train loss in this epoch 59.000000 0.513591
train:INFO:2022-02-05 04:23:43,033: epoch: 59 train_loss: 0.51359, valid_loss: 0.60389, best_thr: -0.6088923215866089
utilities.pytorchtools:INFO:2022-02-05 04:23:43,033:EarlyStopping counter: 5 out of 10
train:INFO:2022-02-05 04:23:43,400:train loss in this epoch 60.000000 0.514245
train:INFO:2022-02-05 04:23:43,435: epoch: 60 train_loss: 0.51424, valid_loss: 0.60426, best_thr: -0.6204126477241516
utilities.pytorchtools:INFO:2022-02-05 04:23:43,436:EarlyStopping counter: 6 out of 10
train:INFO:2022-02-05 04:23:43,802:train loss in this epoch 61.000000 0.512296
train:INFO:2022-02-05 04:23:43,838: epoch: 61 train_loss: 0.51230, valid_loss: 0.59918, best_thr: -0.6709648966789246
utilities.pytorchtools:INFO:2022-02-05 04:23:43,838:Validation loss decreased (0.602847 --> 0.599182).  Saving model ...
train:INFO:2022-02-05 04:23:44,204:train loss in this epoch 62.000000 0.510885
train:INFO:2022-02-05 04:23:44,239: epoch: 62 train_loss: 0.51088, valid_loss: 0.59846, best_thr: -0.5251317024230957
utilities.pytorchtools:INFO:2022-02-05 04:23:44,240:Validation loss decreased (0.599182 --> 0.598458).  Saving model ...
train:INFO:2022-02-05 04:23:44,607:train loss in this epoch 63.000000 0.510433
train:INFO:2022-02-05 04:23:44,643: epoch: 63 train_loss: 0.51043, valid_loss: 0.59454, best_thr: -0.6054210662841797
utilities.pytorchtools:INFO:2022-02-05 04:23:44,643:Validation loss decreased (0.598458 --> 0.594541).  Saving model ...
train:INFO:2022-02-05 04:23:45,011:train loss in this epoch 64.000000 0.509553
train:INFO:2022-02-05 04:23:45,046: epoch: 64 train_loss: 0.50955, valid_loss: 0.59712, best_thr: -0.6821845173835754
utilities.pytorchtools:INFO:2022-02-05 04:23:45,046:EarlyStopping counter: 1 out of 10
train:INFO:2022-02-05 04:23:45,412:train loss in this epoch 65.000000 0.509630
train:INFO:2022-02-05 04:23:45,448: epoch: 65 train_loss: 0.50963, valid_loss: 0.60329, best_thr: -0.7458212375640869
utilities.pytorchtools:INFO:2022-02-05 04:23:45,448:EarlyStopping counter: 2 out of 10
train:INFO:2022-02-05 04:23:45,814:train loss in this epoch 66.000000 0.509738
train:INFO:2022-02-05 04:23:45,849: epoch: 66 train_loss: 0.50974, valid_loss: 0.60184, best_thr: -0.7085508108139038
utilities.pytorchtools:INFO:2022-02-05 04:23:45,850:EarlyStopping counter: 3 out of 10
train:INFO:2022-02-05 04:23:46,215:train loss in this epoch 67.000000 0.506139
train:INFO:2022-02-05 04:23:46,251: epoch: 67 train_loss: 0.50614, valid_loss: 0.59386, best_thr: -0.6315886974334717
utilities.pytorchtools:INFO:2022-02-05 04:23:46,252:Validation loss decreased (0.594541 --> 0.593858).  Saving model ...
train:INFO:2022-02-05 04:23:46,617:train loss in this epoch 68.000000 0.507516
train:INFO:2022-02-05 04:23:46,653: epoch: 68 train_loss: 0.50752, valid_loss: 0.60010, best_thr: -0.6906933784484863
utilities.pytorchtools:INFO:2022-02-05 04:23:46,653:EarlyStopping counter: 1 out of 10
train:INFO:2022-02-05 04:23:47,018:train loss in this epoch 69.000000 0.507568
train:INFO:2022-02-05 04:23:47,054: epoch: 69 train_loss: 0.50757, valid_loss: 0.60872, best_thr: -0.7432111501693726
utilities.pytorchtools:INFO:2022-02-05 04:23:47,054:EarlyStopping counter: 2 out of 10
train:INFO:2022-02-05 04:23:47,419:train loss in this epoch 70.000000 0.505306
train:INFO:2022-02-05 04:23:47,454: epoch: 70 train_loss: 0.50531, valid_loss: 0.59473, best_thr: -0.7081409692764282
utilities.pytorchtools:INFO:2022-02-05 04:23:47,455:EarlyStopping counter: 3 out of 10
train:INFO:2022-02-05 04:23:47,820:train loss in this epoch 71.000000 0.504996
train:INFO:2022-02-05 04:23:47,855: epoch: 71 train_loss: 0.50500, valid_loss: 0.59400, best_thr: -0.4847855567932129
utilities.pytorchtools:INFO:2022-02-05 04:23:47,856:EarlyStopping counter: 4 out of 10
train:INFO:2022-02-05 04:23:48,221:train loss in this epoch 72.000000 0.504028
train:INFO:2022-02-05 04:23:48,257: epoch: 72 train_loss: 0.50403, valid_loss: 0.59248, best_thr: -0.8097927570343018
utilities.pytorchtools:INFO:2022-02-05 04:23:48,257:Validation loss decreased (0.593858 --> 0.592483).  Saving model ...
train:INFO:2022-02-05 04:23:48,623:train loss in this epoch 73.000000 0.503208
train:INFO:2022-02-05 04:23:48,659: epoch: 73 train_loss: 0.50321, valid_loss: 0.60013, best_thr: -0.5628222227096558
utilities.pytorchtools:INFO:2022-02-05 04:23:48,659:EarlyStopping counter: 1 out of 10
train:INFO:2022-02-05 04:23:49,024:train loss in this epoch 74.000000 0.505162
train:INFO:2022-02-05 04:23:49,060: epoch: 74 train_loss: 0.50516, valid_loss: 0.59034, best_thr: -0.6537724733352661
utilities.pytorchtools:INFO:2022-02-05 04:23:49,060:Validation loss decreased (0.592483 --> 0.590338).  Saving model ...
train:INFO:2022-02-05 04:23:49,427:train loss in this epoch 75.000000 0.502514
train:INFO:2022-02-05 04:23:49,462: epoch: 75 train_loss: 0.50251, valid_loss: 0.58722, best_thr: -0.5619333386421204
utilities.pytorchtools:INFO:2022-02-05 04:23:49,462:Validation loss decreased (0.590338 --> 0.587216).  Saving model ...
train:INFO:2022-02-05 04:23:49,829:train loss in this epoch 76.000000 0.501505
train:INFO:2022-02-05 04:23:49,865: epoch: 76 train_loss: 0.50150, valid_loss: 0.58685, best_thr: -0.5035009980201721
utilities.pytorchtools:INFO:2022-02-05 04:23:49,865:Validation loss decreased (0.587216 --> 0.586854).  Saving model ...
train:INFO:2022-02-05 04:23:50,232:train loss in this epoch 77.000000 0.502759
train:INFO:2022-02-05 04:23:50,268: epoch: 77 train_loss: 0.50276, valid_loss: 0.59441, best_thr: -0.631918728351593
utilities.pytorchtools:INFO:2022-02-05 04:23:50,268:EarlyStopping counter: 1 out of 10
train:INFO:2022-02-05 04:23:50,633:train loss in this epoch 78.000000 0.500081
train:INFO:2022-02-05 04:23:50,669: epoch: 78 train_loss: 0.50008, valid_loss: 0.59281, best_thr: -0.6789082884788513
utilities.pytorchtools:INFO:2022-02-05 04:23:50,669:EarlyStopping counter: 2 out of 10
train:INFO:2022-02-05 04:23:51,035:train loss in this epoch 79.000000 0.499361
train:INFO:2022-02-05 04:23:51,070: epoch: 79 train_loss: 0.49936, valid_loss: 0.59042, best_thr: -0.6761581897735596
utilities.pytorchtools:INFO:2022-02-05 04:23:51,071:EarlyStopping counter: 3 out of 10
train:INFO:2022-02-05 04:23:51,435:train loss in this epoch 80.000000 0.499536
train:INFO:2022-02-05 04:23:51,471: epoch: 80 train_loss: 0.49954, valid_loss: 0.58960, best_thr: -0.6278525590896606
utilities.pytorchtools:INFO:2022-02-05 04:23:51,471:EarlyStopping counter: 4 out of 10
train:INFO:2022-02-05 04:23:51,840:train loss in this epoch 81.000000 0.499374
train:INFO:2022-02-05 04:23:51,875: epoch: 81 train_loss: 0.49937, valid_loss: 0.58884, best_thr: -0.6816717386245728
utilities.pytorchtools:INFO:2022-02-05 04:23:51,876:EarlyStopping counter: 5 out of 10
train:INFO:2022-02-05 04:23:52,241:train loss in this epoch 82.000000 0.499626
train:INFO:2022-02-05 04:23:52,277: epoch: 82 train_loss: 0.49963, valid_loss: 0.58567, best_thr: -0.6194473505020142
utilities.pytorchtools:INFO:2022-02-05 04:23:52,277:Validation loss decreased (0.586854 --> 0.585675).  Saving model ...
train:INFO:2022-02-05 04:23:52,644:train loss in this epoch 83.000000 0.499624
train:INFO:2022-02-05 04:23:52,679: epoch: 83 train_loss: 0.49962, valid_loss: 0.59924, best_thr: -0.7916094660758972
utilities.pytorchtools:INFO:2022-02-05 04:23:52,680:EarlyStopping counter: 1 out of 10
train:INFO:2022-02-05 04:23:53,045:train loss in this epoch 84.000000 0.497793
train:INFO:2022-02-05 04:23:53,080: epoch: 84 train_loss: 0.49779, valid_loss: 0.59135, best_thr: -0.6845372319221497
utilities.pytorchtools:INFO:2022-02-05 04:23:53,081:EarlyStopping counter: 2 out of 10
train:INFO:2022-02-05 04:23:53,446:train loss in this epoch 85.000000 0.494363
train:INFO:2022-02-05 04:23:53,481: epoch: 85 train_loss: 0.49436, valid_loss: 0.60080, best_thr: -0.5624579787254333
utilities.pytorchtools:INFO:2022-02-05 04:23:53,482:EarlyStopping counter: 3 out of 10
train:INFO:2022-02-05 04:23:53,846:train loss in this epoch 86.000000 0.496480
train:INFO:2022-02-05 04:23:53,882: epoch: 86 train_loss: 0.49648, valid_loss: 0.58742, best_thr: -0.7308823466300964
utilities.pytorchtools:INFO:2022-02-05 04:23:53,882:EarlyStopping counter: 4 out of 10
train:INFO:2022-02-05 04:23:54,307:train loss in this epoch 87.000000 0.493478
train:INFO:2022-02-05 04:23:54,343: epoch: 87 train_loss: 0.49348, valid_loss: 0.58330, best_thr: -0.8526215553283691
utilities.pytorchtools:INFO:2022-02-05 04:23:54,343:Validation loss decreased (0.585675 --> 0.583303).  Saving model ...
train:INFO:2022-02-05 04:23:54,769:train loss in this epoch 88.000000 0.495150
train:INFO:2022-02-05 04:23:54,805: epoch: 88 train_loss: 0.49515, valid_loss: 0.59079, best_thr: -0.5769054293632507
utilities.pytorchtools:INFO:2022-02-05 04:23:54,805:EarlyStopping counter: 1 out of 10
train:INFO:2022-02-05 04:23:55,232:train loss in this epoch 89.000000 0.496837
train:INFO:2022-02-05 04:23:55,267: epoch: 89 train_loss: 0.49684, valid_loss: 0.58930, best_thr: -0.7293001413345337
utilities.pytorchtools:INFO:2022-02-05 04:23:55,268:EarlyStopping counter: 2 out of 10
train:INFO:2022-02-05 04:23:55,693:train loss in this epoch 90.000000 0.493182
train:INFO:2022-02-05 04:23:55,728: epoch: 90 train_loss: 0.49318, valid_loss: 0.59071, best_thr: -0.5213072299957275
utilities.pytorchtools:INFO:2022-02-05 04:23:55,729:EarlyStopping counter: 3 out of 10
train:INFO:2022-02-05 04:23:56,155:train loss in this epoch 91.000000 0.493280
train:INFO:2022-02-05 04:23:56,191: epoch: 91 train_loss: 0.49328, valid_loss: 0.58963, best_thr: -0.4642663598060608
utilities.pytorchtools:INFO:2022-02-05 04:23:56,191:EarlyStopping counter: 4 out of 10
train:INFO:2022-02-05 04:23:56,616:train loss in this epoch 92.000000 0.493343
train:INFO:2022-02-05 04:23:56,652: epoch: 92 train_loss: 0.49334, valid_loss: 0.59280, best_thr: -0.6251875162124634
utilities.pytorchtools:INFO:2022-02-05 04:23:56,652:EarlyStopping counter: 5 out of 10
train:INFO:2022-02-05 04:23:57,078:train loss in this epoch 93.000000 0.492700
train:INFO:2022-02-05 04:23:57,114: epoch: 93 train_loss: 0.49270, valid_loss: 0.57985, best_thr: -0.5239150524139404
utilities.pytorchtools:INFO:2022-02-05 04:23:57,114:Validation loss decreased (0.583303 --> 0.579854).  Saving model ...
train:INFO:2022-02-05 04:23:57,540:train loss in this epoch 94.000000 0.491155
train:INFO:2022-02-05 04:23:57,576: epoch: 94 train_loss: 0.49115, valid_loss: 0.59023, best_thr: -0.5180584192276001
utilities.pytorchtools:INFO:2022-02-05 04:23:57,576:EarlyStopping counter: 1 out of 10
train:INFO:2022-02-05 04:23:58,004:train loss in this epoch 95.000000 0.492044
train:INFO:2022-02-05 04:23:58,039: epoch: 95 train_loss: 0.49204, valid_loss: 0.58305, best_thr: -0.77870774269104
utilities.pytorchtools:INFO:2022-02-05 04:23:58,040:EarlyStopping counter: 2 out of 10
train:INFO:2022-02-05 04:23:58,465:train loss in this epoch 96.000000 0.492648
train:INFO:2022-02-05 04:23:58,501: epoch: 96 train_loss: 0.49265, valid_loss: 0.57889, best_thr: -0.5255342125892639
utilities.pytorchtools:INFO:2022-02-05 04:23:58,501:Validation loss decreased (0.579854 --> 0.578894).  Saving model ...
train:INFO:2022-02-05 04:23:58,977:train loss in this epoch 97.000000 0.490152
train:INFO:2022-02-05 04:23:59,012: epoch: 97 train_loss: 0.49015, valid_loss: 0.58675, best_thr: -0.6597374081611633
utilities.pytorchtools:INFO:2022-02-05 04:23:59,013:EarlyStopping counter: 1 out of 10
train:INFO:2022-02-05 04:23:59,487:train loss in this epoch 98.000000 0.490371
train:INFO:2022-02-05 04:23:59,523: epoch: 98 train_loss: 0.49037, valid_loss: 0.59723, best_thr: -0.5193427801132202
utilities.pytorchtools:INFO:2022-02-05 04:23:59,523:EarlyStopping counter: 2 out of 10
train:INFO:2022-02-05 04:23:59,999:train loss in this epoch 99.000000 0.489441
train:INFO:2022-02-05 04:24:00,035: epoch: 99 train_loss: 0.48944, valid_loss: 0.58209, best_thr: -0.6029251217842102
utilities.pytorchtools:INFO:2022-02-05 04:24:00,035:EarlyStopping counter: 3 out of 10
train:INFO:2022-02-05 04:24:00,509:train loss in this epoch 100.000000 0.489416
train:INFO:2022-02-05 04:24:00,545: epoch: 100 train_loss: 0.48942, valid_loss: 0.57817, best_thr: -0.8047637343406677
utilities.pytorchtools:INFO:2022-02-05 04:24:00,545:Validation loss decreased (0.578894 --> 0.578170).  Saving model ...
train:INFO:2022-02-05 04:24:01,023:train loss in this epoch 101.000000 0.490232
train:INFO:2022-02-05 04:24:01,058: epoch: 101 train_loss: 0.49023, valid_loss: 0.58128, best_thr: -0.5966463685035706
utilities.pytorchtools:INFO:2022-02-05 04:24:01,058:EarlyStopping counter: 1 out of 10
train:INFO:2022-02-05 04:24:01,534:train loss in this epoch 102.000000 0.489820
train:INFO:2022-02-05 04:24:01,570: epoch: 102 train_loss: 0.48982, valid_loss: 0.58442, best_thr: -0.7457994222640991
utilities.pytorchtools:INFO:2022-02-05 04:24:01,570:EarlyStopping counter: 2 out of 10
train:INFO:2022-02-05 04:24:01,997:train loss in this epoch 103.000000 0.488005
train:INFO:2022-02-05 04:24:02,032: epoch: 103 train_loss: 0.48800, valid_loss: 0.58597, best_thr: -0.7587041854858398
utilities.pytorchtools:INFO:2022-02-05 04:24:02,033:EarlyStopping counter: 3 out of 10
train:INFO:2022-02-05 04:24:02,458:train loss in this epoch 104.000000 0.488211
train:INFO:2022-02-05 04:24:02,493: epoch: 104 train_loss: 0.48821, valid_loss: 0.58709, best_thr: -0.5870307087898254
utilities.pytorchtools:INFO:2022-02-05 04:24:02,494:EarlyStopping counter: 4 out of 10
train:INFO:2022-02-05 04:24:02,920:train loss in this epoch 105.000000 0.487116
train:INFO:2022-02-05 04:24:02,955: epoch: 105 train_loss: 0.48712, valid_loss: 0.58383, best_thr: -0.7508128881454468
utilities.pytorchtools:INFO:2022-02-05 04:24:02,955:EarlyStopping counter: 5 out of 10
train:INFO:2022-02-05 04:24:03,380:train loss in this epoch 106.000000 0.485887
train:INFO:2022-02-05 04:24:03,416: epoch: 106 train_loss: 0.48589, valid_loss: 0.58420, best_thr: -0.7382779121398926
utilities.pytorchtools:INFO:2022-02-05 04:24:03,416:EarlyStopping counter: 6 out of 10
train:INFO:2022-02-05 04:24:03,842:train loss in this epoch 107.000000 0.486264
train:INFO:2022-02-05 04:24:03,877: epoch: 107 train_loss: 0.48626, valid_loss: 0.59378, best_thr: -0.7483313679695129
utilities.pytorchtools:INFO:2022-02-05 04:24:03,878:EarlyStopping counter: 7 out of 10
train:INFO:2022-02-05 04:24:04,303:train loss in this epoch 108.000000 0.485094
train:INFO:2022-02-05 04:24:04,338: epoch: 108 train_loss: 0.48509, valid_loss: 0.57860, best_thr: -0.6480775475502014
utilities.pytorchtools:INFO:2022-02-05 04:24:04,339:EarlyStopping counter: 8 out of 10
train:INFO:2022-02-05 04:24:04,764:train loss in this epoch 109.000000 0.484731
train:INFO:2022-02-05 04:24:04,800: epoch: 109 train_loss: 0.48473, valid_loss: 0.58532, best_thr: -0.3937300741672516
utilities.pytorchtools:INFO:2022-02-05 04:24:04,800:EarlyStopping counter: 9 out of 10
train:INFO:2022-02-05 04:24:05,225:train loss in this epoch 110.000000 0.485854
train:INFO:2022-02-05 04:24:05,261: epoch: 110 train_loss: 0.48585, valid_loss: 0.57844, best_thr: -0.5780341625213623
utilities.pytorchtools:INFO:2022-02-05 04:24:05,261:EarlyStopping counter: 10 out of 10
utilities.pytorchtools:INFO:2022-02-05 04:24:05,261:Will stop early
train:INFO:2022-02-05 04:24:05,298: epoch: 110 train_loss: 0.485854004926918, valid_loss: 0.578439074462789, best_thr: -0.8047637343406677
