datatools.data_loader:INFO:2022-02-05 07:00:20,002:vertex ids loaded! Shape: (21560, 50)
datatools.data_loader:INFO:2022-02-05 07:00:20,569:graphs loaded and prepared! Shape: (21560, 50, 50)
datatools.data_loader:INFO:2022-02-05 07:00:20,572:influence features loaded! Shape: (21560, 50, 2)
datatools.data_loader:INFO:2022-02-05 07:00:20,573:labels loaded! Shape: (21560,)
datatools.data_loader:INFO:2022-02-05 07:00:20,574:global vertex features loaded! Shape: torch.Size([1790, 7])
datatools.data_loader:INFO:2022-02-05 07:00:20,607:64-dim embedding loaded! Shape: torch.Size([1790, 64])
datatools.data_loader:INFO:2022-02-05 07:00:20,607:21560 ego networks loaded, each with size 50
datatools.data_loader:INFO:2022-02-05 07:00:20,607:Number of classes: 2
datatools.data_loader:INFO:2022-02-05 07:00:20,608:Data set split into train[75]/valid[12.5]/test[12.5] found v.20.
__main__:INFO:2022-02-05 07:00:20,610:NEW TRAINING EVENT!
__main__:INFO:2022-02-05 07:00:20,610:Data file: ./data/real_data/real_0/derivatives/Simultaneous_W_Buy
__main__:INFO:2022-02-05 07:00:20,610:Parameters: Namespace(batch=64, check_point=10, class_weight_balanced=True, cuda=True, data_split_seed=20, dim=64, disrupt_network=False, dropout=0.0, epochs=500, file_dir='./data/real_data/real_0/derivatives/Simultaneous_W_Buy', fin_data=True, heads='2,2,1', hidden_units='8,8', instance_normalization=True, last_conversion=False, lr=0.2, model='gat', neighbor_size=5, no_cuda=False, non_fin_data=False, patience=10, result_dir='./results/hyper_parameter_search_fixed2/real_0/Simultaneous_W_Buy/Feb05_07-00-18', seed=43, sequence_size=16, shuffle=False, start_timestamp='20220205_0700', tensorboard_log='logdir', tensorboard_logger=<torch.utils.tensorboard.writer.SummaryWriter object at 0x7f0f00fb0f70>, train_ratio=75, use_vertex_feature=False, valid_ratio=12.5, verbose=False, weight_decay=0.001)
train:INFO:2022-02-05 07:00:23,738:train loss in this epoch 1.000000 0.643358
train:INFO:2022-02-05 07:00:23,848: epoch: 1 train_loss: 0.64336, valid_loss: 0.57498, best_thr: -0.5609786510467529
utilities.pytorchtools:INFO:2022-02-05 07:00:23,849:First loss found
utilities.pytorchtools:INFO:2022-02-05 07:00:23,849:Validation loss decreased (inf --> 0.574979).  Saving model ...
train:INFO:2022-02-05 07:00:25,508:train loss in this epoch 2.000000 0.566218
train:INFO:2022-02-05 07:00:25,617: epoch: 2 train_loss: 0.56622, valid_loss: 0.54843, best_thr: -0.4966809153556824
utilities.pytorchtools:INFO:2022-02-05 07:00:25,617:Validation loss decreased (0.574979 --> 0.548434).  Saving model ...
train:INFO:2022-02-05 07:00:27,271:train loss in this epoch 3.000000 0.541173
train:INFO:2022-02-05 07:00:27,380: epoch: 3 train_loss: 0.54117, valid_loss: 0.54091, best_thr: -0.6330997943878174
utilities.pytorchtools:INFO:2022-02-05 07:00:27,380:Validation loss decreased (0.548434 --> 0.540915).  Saving model ...
train:INFO:2022-02-05 07:00:29,036:train loss in this epoch 4.000000 0.526139
train:INFO:2022-02-05 07:00:29,145: epoch: 4 train_loss: 0.52614, valid_loss: 0.52694, best_thr: -0.6068039536476135
utilities.pytorchtools:INFO:2022-02-05 07:00:29,145:Validation loss decreased (0.540915 --> 0.526936).  Saving model ...
train:INFO:2022-02-05 07:00:30,797:train loss in this epoch 5.000000 0.513994
train:INFO:2022-02-05 07:00:30,906: epoch: 5 train_loss: 0.51399, valid_loss: 0.51652, best_thr: -0.6300066113471985
utilities.pytorchtools:INFO:2022-02-05 07:00:30,906:Validation loss decreased (0.526936 --> 0.516524).  Saving model ...
train:INFO:2022-02-05 07:00:32,557:train loss in this epoch 6.000000 0.502179
train:INFO:2022-02-05 07:00:32,665: epoch: 6 train_loss: 0.50218, valid_loss: 0.51225, best_thr: -0.4717208743095398
utilities.pytorchtools:INFO:2022-02-05 07:00:32,666:Validation loss decreased (0.516524 --> 0.512251).  Saving model ...
train:INFO:2022-02-05 07:00:34,315:train loss in this epoch 7.000000 0.492660
train:INFO:2022-02-05 07:00:34,424: epoch: 7 train_loss: 0.49266, valid_loss: 0.50518, best_thr: -0.6001191735267639
utilities.pytorchtools:INFO:2022-02-05 07:00:34,424:Validation loss decreased (0.512251 --> 0.505177).  Saving model ...
train:INFO:2022-02-05 07:00:36,079:train loss in this epoch 8.000000 0.481397
train:INFO:2022-02-05 07:00:36,187: epoch: 8 train_loss: 0.48140, valid_loss: 0.50599, best_thr: -0.6905768513679504
utilities.pytorchtools:INFO:2022-02-05 07:00:36,188:EarlyStopping counter: 1 out of 10
train:INFO:2022-02-05 07:00:37,842:train loss in this epoch 9.000000 0.474962
train:INFO:2022-02-05 07:00:37,951: epoch: 9 train_loss: 0.47496, valid_loss: 0.48877, best_thr: -0.555485725402832
utilities.pytorchtools:INFO:2022-02-05 07:00:37,951:Validation loss decreased (0.505177 --> 0.488766).  Saving model ...
train:INFO:2022-02-05 07:00:39,603:train loss in this epoch 10.000000 0.467202
train:INFO:2022-02-05 07:00:39,711: epoch: 10 train_loss: 0.46720, valid_loss: 0.49409, best_thr: -0.5680141448974609
utilities.pytorchtools:INFO:2022-02-05 07:00:39,711:EarlyStopping counter: 1 out of 10
train:INFO:2022-02-05 07:00:41,347:train loss in this epoch 11.000000 0.463525
train:INFO:2022-02-05 07:00:41,455: epoch: 11 train_loss: 0.46352, valid_loss: 0.50122, best_thr: -0.45498889684677124
utilities.pytorchtools:INFO:2022-02-05 07:00:41,456:EarlyStopping counter: 2 out of 10
train:INFO:2022-02-05 07:00:43,011:train loss in this epoch 12.000000 0.457525
train:INFO:2022-02-05 07:00:43,120: epoch: 12 train_loss: 0.45752, valid_loss: 0.48880, best_thr: -0.7786020040512085
utilities.pytorchtools:INFO:2022-02-05 07:00:43,120:EarlyStopping counter: 3 out of 10
train:INFO:2022-02-05 07:00:44,680:train loss in this epoch 13.000000 0.451361
train:INFO:2022-02-05 07:00:44,789: epoch: 13 train_loss: 0.45136, valid_loss: 0.49508, best_thr: -0.5231199860572815
utilities.pytorchtools:INFO:2022-02-05 07:00:44,789:EarlyStopping counter: 4 out of 10
train:INFO:2022-02-05 07:00:46,345:train loss in this epoch 14.000000 0.447390
train:INFO:2022-02-05 07:00:46,454: epoch: 14 train_loss: 0.44739, valid_loss: 0.49226, best_thr: -0.574181854724884
utilities.pytorchtools:INFO:2022-02-05 07:00:46,455:EarlyStopping counter: 5 out of 10
train:INFO:2022-02-05 07:00:48,043:train loss in this epoch 15.000000 0.446184
train:INFO:2022-02-05 07:00:48,151: epoch: 15 train_loss: 0.44618, valid_loss: 0.47814, best_thr: -0.41977182030677795
utilities.pytorchtools:INFO:2022-02-05 07:00:48,151:Validation loss decreased (0.488766 --> 0.478144).  Saving model ...
train:INFO:2022-02-05 07:00:49,807:train loss in this epoch 16.000000 0.440779
train:INFO:2022-02-05 07:00:49,916: epoch: 16 train_loss: 0.44078, valid_loss: 0.48514, best_thr: -0.5777910947799683
utilities.pytorchtools:INFO:2022-02-05 07:00:49,916:EarlyStopping counter: 1 out of 10
train:INFO:2022-02-05 07:00:51,563:train loss in this epoch 17.000000 0.434819
train:INFO:2022-02-05 07:00:51,671: epoch: 17 train_loss: 0.43482, valid_loss: 0.48767, best_thr: -0.3437707722187042
utilities.pytorchtools:INFO:2022-02-05 07:00:51,672:EarlyStopping counter: 2 out of 10
train:INFO:2022-02-05 07:00:53,225:train loss in this epoch 18.000000 0.433593
train:INFO:2022-02-05 07:00:53,334: epoch: 18 train_loss: 0.43359, valid_loss: 0.47784, best_thr: -0.3633672297000885
utilities.pytorchtools:INFO:2022-02-05 07:00:53,334:Validation loss decreased (0.478144 --> 0.477838).  Saving model ...
train:INFO:2022-02-05 07:00:54,906:train loss in this epoch 19.000000 0.428028
train:INFO:2022-02-05 07:00:55,017: epoch: 19 train_loss: 0.42803, valid_loss: 0.48489, best_thr: -0.47854647040367126
utilities.pytorchtools:INFO:2022-02-05 07:00:55,017:EarlyStopping counter: 1 out of 10
train:INFO:2022-02-05 07:00:56,593:train loss in this epoch 20.000000 0.427543
train:INFO:2022-02-05 07:00:56,703: epoch: 20 train_loss: 0.42754, valid_loss: 0.48262, best_thr: -0.5161048769950867
utilities.pytorchtools:INFO:2022-02-05 07:00:56,704:EarlyStopping counter: 2 out of 10
train:INFO:2022-02-05 07:00:58,055:train loss in this epoch 21.000000 0.423400
train:INFO:2022-02-05 07:00:58,166: epoch: 21 train_loss: 0.42340, valid_loss: 0.47412, best_thr: -0.5662024617195129
utilities.pytorchtools:INFO:2022-02-05 07:00:58,166:Validation loss decreased (0.477838 --> 0.474117).  Saving model ...
train:INFO:2022-02-05 07:00:59,518:train loss in this epoch 22.000000 0.421535
train:INFO:2022-02-05 07:00:59,629: epoch: 22 train_loss: 0.42153, valid_loss: 0.47391, best_thr: -0.5630982518196106
utilities.pytorchtools:INFO:2022-02-05 07:00:59,629:Validation loss decreased (0.474117 --> 0.473911).  Saving model ...
train:INFO:2022-02-05 07:01:00,983:train loss in this epoch 23.000000 0.419073
train:INFO:2022-02-05 07:01:01,094: epoch: 23 train_loss: 0.41907, valid_loss: 0.48200, best_thr: -0.4954363703727722
utilities.pytorchtools:INFO:2022-02-05 07:01:01,094:EarlyStopping counter: 1 out of 10
train:INFO:2022-02-05 07:01:02,450:train loss in this epoch 24.000000 0.417175
train:INFO:2022-02-05 07:01:02,561: epoch: 24 train_loss: 0.41718, valid_loss: 0.47584, best_thr: -0.4735737442970276
utilities.pytorchtools:INFO:2022-02-05 07:01:02,561:EarlyStopping counter: 2 out of 10
train:INFO:2022-02-05 07:01:04,136:train loss in this epoch 25.000000 0.413655
train:INFO:2022-02-05 07:01:04,247: epoch: 25 train_loss: 0.41365, valid_loss: 0.48168, best_thr: -0.5661762952804565
utilities.pytorchtools:INFO:2022-02-05 07:01:04,247:EarlyStopping counter: 3 out of 10
train:INFO:2022-02-05 07:01:05,823:train loss in this epoch 26.000000 0.412811
train:INFO:2022-02-05 07:01:05,934: epoch: 26 train_loss: 0.41281, valid_loss: 0.47275, best_thr: -0.512923002243042
utilities.pytorchtools:INFO:2022-02-05 07:01:05,935:Validation loss decreased (0.473911 --> 0.472753).  Saving model ...
train:INFO:2022-02-05 07:01:07,516:train loss in this epoch 27.000000 0.410960
train:INFO:2022-02-05 07:01:07,628: epoch: 27 train_loss: 0.41096, valid_loss: 0.47275, best_thr: -0.40176644921302795
utilities.pytorchtools:INFO:2022-02-05 07:01:07,628:EarlyStopping counter: 1 out of 10
train:INFO:2022-02-05 07:01:09,203:train loss in this epoch 28.000000 0.409082
train:INFO:2022-02-05 07:01:09,314: epoch: 28 train_loss: 0.40908, valid_loss: 0.47779, best_thr: -0.31518203020095825
utilities.pytorchtools:INFO:2022-02-05 07:01:09,314:EarlyStopping counter: 2 out of 10
train:INFO:2022-02-05 07:01:10,887:train loss in this epoch 29.000000 0.406702
train:INFO:2022-02-05 07:01:10,998: epoch: 29 train_loss: 0.40670, valid_loss: 0.48510, best_thr: -0.5504535436630249
utilities.pytorchtools:INFO:2022-02-05 07:01:10,998:EarlyStopping counter: 3 out of 10
train:INFO:2022-02-05 07:01:12,575:train loss in this epoch 30.000000 0.403992
train:INFO:2022-02-05 07:01:12,686: epoch: 30 train_loss: 0.40399, valid_loss: 0.47220, best_thr: -0.47924697399139404
utilities.pytorchtools:INFO:2022-02-05 07:01:12,686:Validation loss decreased (0.472753 --> 0.472197).  Saving model ...
train:INFO:2022-02-05 07:01:14,262:train loss in this epoch 31.000000 0.402664
train:INFO:2022-02-05 07:01:14,373: epoch: 31 train_loss: 0.40266, valid_loss: 0.48347, best_thr: -0.4959254264831543
utilities.pytorchtools:INFO:2022-02-05 07:01:14,373:EarlyStopping counter: 1 out of 10
train:INFO:2022-02-05 07:01:15,951:train loss in this epoch 32.000000 0.402273
train:INFO:2022-02-05 07:01:16,062: epoch: 32 train_loss: 0.40227, valid_loss: 0.47537, best_thr: -0.6422662138938904
utilities.pytorchtools:INFO:2022-02-05 07:01:16,062:EarlyStopping counter: 2 out of 10
train:INFO:2022-02-05 07:01:17,635:train loss in this epoch 33.000000 0.401617
train:INFO:2022-02-05 07:01:17,747: epoch: 33 train_loss: 0.40162, valid_loss: 0.46873, best_thr: -0.5362792015075684
utilities.pytorchtools:INFO:2022-02-05 07:01:17,747:Validation loss decreased (0.472197 --> 0.468726).  Saving model ...
train:INFO:2022-02-05 07:01:19,327:train loss in this epoch 34.000000 0.400045
train:INFO:2022-02-05 07:01:19,438: epoch: 34 train_loss: 0.40005, valid_loss: 0.48922, best_thr: -0.530428409576416
utilities.pytorchtools:INFO:2022-02-05 07:01:19,438:EarlyStopping counter: 1 out of 10
train:INFO:2022-02-05 07:01:21,015:train loss in this epoch 35.000000 0.398410
train:INFO:2022-02-05 07:01:21,126: epoch: 35 train_loss: 0.39841, valid_loss: 0.48571, best_thr: -0.7238143086433411
utilities.pytorchtools:INFO:2022-02-05 07:01:21,126:EarlyStopping counter: 2 out of 10
train:INFO:2022-02-05 07:01:22,699:train loss in this epoch 36.000000 0.397705
train:INFO:2022-02-05 07:01:22,810: epoch: 36 train_loss: 0.39771, valid_loss: 0.47630, best_thr: -0.44771385192871094
utilities.pytorchtools:INFO:2022-02-05 07:01:22,811:EarlyStopping counter: 3 out of 10
train:INFO:2022-02-05 07:01:24,386:train loss in this epoch 37.000000 0.395580
train:INFO:2022-02-05 07:01:24,497: epoch: 37 train_loss: 0.39558, valid_loss: 0.47461, best_thr: -0.4829896092414856
utilities.pytorchtools:INFO:2022-02-05 07:01:24,497:EarlyStopping counter: 4 out of 10
train:INFO:2022-02-05 07:01:26,075:train loss in this epoch 38.000000 0.395236
train:INFO:2022-02-05 07:01:26,185: epoch: 38 train_loss: 0.39524, valid_loss: 0.47341, best_thr: -0.3145569860935211
utilities.pytorchtools:INFO:2022-02-05 07:01:26,186:EarlyStopping counter: 5 out of 10
train:INFO:2022-02-05 07:01:27,765:train loss in this epoch 39.000000 0.394802
train:INFO:2022-02-05 07:01:27,876: epoch: 39 train_loss: 0.39480, valid_loss: 0.47584, best_thr: -0.4294634759426117
utilities.pytorchtools:INFO:2022-02-05 07:01:27,876:EarlyStopping counter: 6 out of 10
train:INFO:2022-02-05 07:01:29,451:train loss in this epoch 40.000000 0.391537
train:INFO:2022-02-05 07:01:29,562: epoch: 40 train_loss: 0.39154, valid_loss: 0.48244, best_thr: -0.520754337310791
utilities.pytorchtools:INFO:2022-02-05 07:01:29,563:EarlyStopping counter: 7 out of 10
train:INFO:2022-02-05 07:01:31,139:train loss in this epoch 41.000000 0.392600
train:INFO:2022-02-05 07:01:31,250: epoch: 41 train_loss: 0.39260, valid_loss: 0.47247, best_thr: -0.488619863986969
utilities.pytorchtools:INFO:2022-02-05 07:01:31,251:EarlyStopping counter: 8 out of 10
train:INFO:2022-02-05 07:01:32,873:train loss in this epoch 42.000000 0.390149
train:INFO:2022-02-05 07:01:32,984: epoch: 42 train_loss: 0.39015, valid_loss: 0.47182, best_thr: -0.3692209720611572
utilities.pytorchtools:INFO:2022-02-05 07:01:32,984:EarlyStopping counter: 9 out of 10
train:INFO:2022-02-05 07:01:34,768:train loss in this epoch 43.000000 0.387839
train:INFO:2022-02-05 07:01:34,879: epoch: 43 train_loss: 0.38784, valid_loss: 0.47697, best_thr: -0.5290687084197998
utilities.pytorchtools:INFO:2022-02-05 07:01:34,880:EarlyStopping counter: 10 out of 10
utilities.pytorchtools:INFO:2022-02-05 07:01:34,880:Will stop early
train:INFO:2022-02-05 07:01:34,992: epoch: 43 train_loss: 0.38783888176255904, valid_loss: 0.47697446430050155, best_thr: -0.5362792015075684
